[INFO   ] 2020-04-28 23:28:28 - src.agents.base_agents.device_handler: Agent will run on device(s): [2]
[INFO   ] 2020-04-28 23:28:28 - src.agents.base_agents.device_handler: Set random seed: 42
[INFO   ] 2020-04-28 23:28:29 - src.agents.retina.utils.get_model: Retrieved model: octave
[INFO   ] 2020-04-28 23:28:33 - src.models.utils.model_summary.model_summary_formatter: Total params: 16,536,516
[INFO   ] 2020-04-28 23:28:33 - src.models.utils.model_summary.model_summary_formatter: Total memory: 1443.75 MB
[INFO   ] 2020-04-28 23:28:33 - src.models.utils.model_summary.model_summary_formatter: Total MAdd: 117.39 G MAdd
[INFO   ] 2020-04-28 23:28:33 - src.models.utils.model_summary.model_summary_formatter: Total FLOPs: 58.88 G FLOPs
[INFO   ] 2020-04-28 23:28:33 - src.models.utils.model_summary.model_summary_formatter: Total MemRead: 1.53 G B
[INFO   ] 2020-04-28 23:28:33 - src.models.utils.model_summary.model_summary_formatter: Total MemWrite: 1.2 G B
[INFO   ] 2020-04-28 23:28:33 - src.models.utils.model_summary.model_summary_formatter: Total MemR+W: 2.73 G B
[INFO   ] 2020-04-28 23:28:36 - src.agents.retina.utils.get_criterion: Set final positive weight: tensor(1.0501)
[INFO   ] 2020-04-28 23:28:36 - src.agents.retina.utils.get_criterion: Retrieved loss: weighted_binary_cross_entropy
[INFO   ] 2020-04-28 23:28:39 - src.agents.base_agents.graph_handler: Retrieved optimizer: adam
[INFO   ] 2020-04-28 23:28:39 - src.agents.base_agents.state_handler: No checkpoint file ("*.pth") found in exps/ablation-study/alpha_0.5/ckpts
[INFO   ] 2020-04-29 04:53:06 - src.agents.base_agents.state_handler: Successfully loaded agent checkpoint: exps/ablation-study/alpha_0.5/ckpts/last.pth
[INFO   ] 2020-04-29 04:53:06 - src.agents.base_agents.state_handler: Model checkpoint at training epoch: 1000, step: 5000
[INFO   ] 2020-04-29 04:53:27 - src.agents.base_agents.output_handler: metrics:
      weighted_binary_cross_entropy       acc        se       sp        f1       prc     auroc        ap
mean                       0.204145  0.966360  0.837456  0.97903  0.812713  0.792733  0.983496  0.902760
std                        0.005677  0.002348  0.040016  0.00418  0.013248  0.040010  0.005329  0.013155
